<?xml version="1.0" encoding="UTF-8"?>
<!-- Generated by org.testng.reporters.JUnitReportReporter -->
<testsuite skipped="0" hostname="ioana-PC" name="testClassOrange.TC02_EmployeeList" tests="1" failures="0" timestamp="31 Jan 2020 08:50:56 GMT" time="22.284" errors="0">
  <testcase name="setUPEmployeeTes" time="22.284" classname="testClassOrange.TC02_EmployeeList"/>
</testsuite> <!-- testClassOrange.TC02_EmployeeList -->
