<?xml version="1.0" encoding="UTF-8"?>
<!-- Generated by org.testng.reporters.JUnitReportReporter -->
<testsuite skipped="0" hostname="ioana-PC" name="testClassOrange.TC02_EmployeeList" tests="1" failures="0" timestamp="05 Feb 2020 08:18:29 GMT" time="23.908" errors="0">
  <testcase name="setUPEmployeeTes" time="23.908" classname="testClassOrange.TC02_EmployeeList"/>
</testsuite> <!-- testClassOrange.TC02_EmployeeList -->
