<?xml version="1.0" encoding="UTF-8"?>
<!-- Generated by org.testng.reporters.JUnitReportReporter -->
<testsuite skipped="2" hostname="LAPTOP-SOIF70EN" name="testClassOrange.TC04_LeaveList" tests="4" failures="0" timestamp="2020-02-08T19:44:01 EET" time="35.436" errors="0">
  <testcase name="goToLeaveListNegBalance" time="15.715" classname="testClassOrange.TC04_LeaveList"/>
  <testcase name="goToLeaveListNegBalance" time="19.721" classname="testClassOrange.TC04_LeaveList"/>
  <testcase name="goToLeaveList" classname="testClassOrange.TC04_LeaveList">
    <skipped/>
  </testcase> <!-- goToLeaveList -->
  <testcase name="goToLeaveList" classname="testClassOrange.TC04_LeaveList">
    <skipped/>
  </testcase> <!-- goToLeaveList -->
</testsuite> <!-- testClassOrange.TC04_LeaveList -->
