<?xml version="1.0" encoding="UTF-8"?>
<!-- Generated by org.testng.reporters.JUnitReportReporter -->
<testsuite skipped="0" hostname="LAPTOP-SOIF70EN" name="testClassOrange.TC01_LoginPage" tests="1" failures="0" timestamp="2020-02-01T14:10:29 EET" time="2.780" errors="0">
  <testcase name="loginTest" time="2.780" classname="testClassOrange.TC01_LoginPage"/>
</testsuite> <!-- testClassOrange.TC01_LoginPage -->
