<?xml version="1.0" encoding="UTF-8"?>
<!-- Generated by org.testng.reporters.JUnitReportReporter -->
<testsuite skipped="0" hostname="ioana-PC" name="testClassOrange.TC01_LoginPage" tests="1" failures="0" timestamp="29 Jan 2020 10:31:02 GMT" time="3.661" errors="0">
  <testcase name="loginTest" time="3.661" classname="testClassOrange.TC01_LoginPage"/>
</testsuite> <!-- testClassOrange.TC01_LoginPage -->
