<?xml version="1.0" encoding="UTF-8"?>
<!-- Generated by org.testng.reporters.JUnitReportReporter -->
<testsuite skipped="0" hostname="ioana-PC" name="testClassOrange.TC04_LeaveList" tests="2" failures="0" timestamp="06 Feb 2020 12:24:25 GMT" time="5.684" errors="0">
  <testcase name="goToLeaveListNegBalance" time="1.409" classname="testClassOrange.TC04_LeaveList"/>
  <testcase name="goToLeaveList" time="4.275" classname="testClassOrange.TC04_LeaveList"/>
</testsuite> <!-- testClassOrange.TC04_LeaveList -->
