<?xml version="1.0" encoding="UTF-8"?>
<!-- Generated by org.testng.reporters.JUnitReportReporter -->
<testsuite skipped="0" hostname="ioana-PC" name="POMOrange.TC01_LoginPage" tests="1" failures="0" timestamp="22 Jan 2020 09:54:42 GMT" time="5.703" errors="0">
  <testcase name="loginTest" time="5.703" classname="POMOrange.TC01_LoginPage"/>
</testsuite> <!-- POMOrange.TC01_LoginPage -->
