<?xml version="1.0" encoding="UTF-8"?>
<!-- Generated by org.testng.reporters.JUnitReportReporter -->
<testsuite skipped="0" hostname="ioana-PC" name="testClassOrange.TC04_LeaveList" tests="1" failures="0" timestamp="06 Feb 2020 08:59:28 GMT" time="4.139" errors="0">
  <testcase name="goToLeaveList" time="4.139" classname="testClassOrange.TC04_LeaveList"/>
</testsuite> <!-- testClassOrange.TC04_LeaveList -->
