<?xml version="1.0" encoding="UTF-8"?>
<!-- Generated by org.testng.reporters.JUnitReportReporter -->
<testsuite skipped="0" hostname="ioana-PC" name="testClassOrange.TC02_EmployeeList" tests="1" failures="0" timestamp="30 Jan 2020 15:14:14 GMT" time="21.344" errors="0">
  <testcase name="setUPEmployeeTes" time="21.344" classname="testClassOrange.TC02_EmployeeList"/>
</testsuite> <!-- testClassOrange.TC02_EmployeeList -->
