<?xml version="1.0" encoding="UTF-8"?>
<!-- Generated by org.testng.reporters.JUnitReportReporter -->
<testsuite skipped="0" hostname="ioana-PC" name="testClassOrange.TC03_AssignLeave" tests="1" failures="0" timestamp="07 Feb 2020 07:41:27 GMT" time="3.486" errors="0">
  <testcase name="AssignedLeave" time="3.486" classname="testClassOrange.TC03_AssignLeave"/>
</testsuite> <!-- testClassOrange.TC03_AssignLeave -->
