<?xml version="1.0" encoding="UTF-8"?>
<!-- Generated by org.testng.reporters.JUnitReportReporter -->
<testsuite skipped="1" hostname="ioana-PC" name="testClassOrange.TC04_LeaveList" tests="2" failures="0" timestamp="10 Feb 2020 08:20:58 GMT" time="31.143" errors="0">
  <testcase name="goToLeaveListNegBalance" time="31.143" classname="testClassOrange.TC04_LeaveList"/>
  <testcase name="goToLeaveList" classname="testClassOrange.TC04_LeaveList">
    <skipped/>
  </testcase> <!-- goToLeaveList -->
</testsuite> <!-- testClassOrange.TC04_LeaveList -->
