<?xml version="1.0" encoding="UTF-8"?>
<!-- Generated by org.testng.reporters.JUnitReportReporter -->
<testsuite skipped="0" hostname="ioana-PC" name="testClassOrange.TC03_AssignLeave" tests="1" failures="0" timestamp="07 Feb 2020 12:14:42 GMT" time="17.764" errors="0">
  <testcase name="AssignedLeave" time="17.764" classname="testClassOrange.TC03_AssignLeave"/>
</testsuite> <!-- testClassOrange.TC03_AssignLeave -->
