<?xml version="1.0" encoding="UTF-8"?>
<!-- Generated by org.testng.reporters.JUnitReportReporter -->
<testsuite skipped="0" hostname="LAPTOP-SOIF70EN" name="testClassOrange.TC02_EmployeeList" tests="1" failures="0" timestamp="2020-02-08T19:44:01 EET" time="54.386" errors="0">
  <testcase name="setUPEmployeeTes" time="54.386" classname="testClassOrange.TC02_EmployeeList"/>
</testsuite> <!-- testClassOrange.TC02_EmployeeList -->
