<?xml version="1.0" encoding="UTF-8"?>
<!-- Generated by org.testng.reporters.JUnitReportReporter -->
<testsuite skipped="0" hostname="LAPTOP-SOIF70EN" name="testClassOrange.TC03_AssignLeave" tests="1" failures="0" timestamp="2020-02-08T19:01:43 EET" time="15.057" errors="0">
  <testcase name="AssignedLeave" time="15.057" classname="testClassOrange.TC03_AssignLeave"/>
</testsuite> <!-- testClassOrange.TC03_AssignLeave -->
