<?xml version="1.0" encoding="UTF-8"?>
<!-- Generated by org.testng.reporters.JUnitReportReporter -->
<testsuite skipped="0" hostname="LAPTOP-SOIF70EN" name="testClassOrange.TC02_EmployeeList" tests="1" failures="0" timestamp="2020-02-03T07:45:15 EET" time="31.560" errors="0">
  <testcase name="setUPEmployeeTes" time="31.560" classname="testClassOrange.TC02_EmployeeList"/>
</testsuite> <!-- testClassOrange.TC02_EmployeeList -->
