<?xml version="1.0" encoding="UTF-8"?>
<!-- Generated by org.testng.reporters.JUnitReportReporter -->
<testsuite skipped="0" hostname="LAPTOP-SOIF70EN" name="testClassOrange.TC03_AssignLeave" tests="2" failures="0" timestamp="2020-02-08T19:44:01 EET" time="41.065" errors="0">
  <testcase name="AssignedLeave" time="20.461" classname="testClassOrange.TC03_AssignLeave"/>
  <testcase name="AssignedLeave" time="20.604" classname="testClassOrange.TC03_AssignLeave"/>
</testsuite> <!-- testClassOrange.TC03_AssignLeave -->
