<?xml version="1.0" encoding="UTF-8"?>
<!-- Generated by org.testng.reporters.JUnitReportReporter -->
<testsuite skipped="0" hostname="LAPTOP-SOIF70EN" name="testClassOrange.TC03_AssignLeave" tests="1" failures="0" timestamp="2020-02-10T20:45:26 EET" time="16.438" errors="0">
  <testcase name="AssignedLeave" time="16.438" classname="testClassOrange.TC03_AssignLeave"/>
</testsuite> <!-- testClassOrange.TC03_AssignLeave -->
