<?xml version="1.0" encoding="UTF-8"?>
<!-- Generated by org.testng.reporters.JUnitReportReporter -->
<testsuite skipped="1" hostname="LAPTOP-SOIF70EN" name="testClassOrange.TC04_LeaveList" tests="2" failures="0" timestamp="2020-02-08T19:01:43 EET" time="14.300" errors="0">
  <testcase name="goToLeaveListNegBalance" time="14.300" classname="testClassOrange.TC04_LeaveList"/>
  <testcase name="goToLeaveList" classname="testClassOrange.TC04_LeaveList">
    <skipped/>
  </testcase> <!-- goToLeaveList -->
</testsuite> <!-- testClassOrange.TC04_LeaveList -->
