<?xml version="1.0" encoding="UTF-8"?>
<!-- Generated by org.testng.reporters.JUnitReportReporter -->
<testsuite skipped="0" hostname="ioana-PC" name="testClassOrange.TC04_LeaveList" tests="1" failures="0" timestamp="05 Feb 2020 10:45:19 GMT" time="1.281" errors="0">
  <testcase name="goToLeaveList" time="1.281" classname="testClassOrange.TC04_LeaveList"/>
</testsuite> <!-- testClassOrange.TC04_LeaveList -->
