<?xml version="1.0" encoding="UTF-8"?>
<!-- Generated by org.testng.reporters.JUnitReportReporter -->
<testsuite skipped="0" hostname="ioana-PC" name="testClassOrange.TC04_LeaveList" tests="1" failures="0" timestamp="05 Feb 2020 14:55:42 GMT" time="2.986" errors="0">
  <testcase name="goToLeaveList" time="2.986" classname="testClassOrange.TC04_LeaveList"/>
</testsuite> <!-- testClassOrange.TC04_LeaveList -->
