<?xml version="1.0" encoding="UTF-8"?>
<!-- Generated by org.testng.reporters.JUnitReportReporter -->
<testsuite skipped="0" hostname="LAPTOP-SOIF70EN" name="testClassOrange.TC03_AssignLeave" tests="1" failures="0" timestamp="2020-02-08T22:54:24 EET" time="17.424" errors="0">
  <testcase name="AssignedLeave" time="17.424" classname="testClassOrange.TC03_AssignLeave"/>
</testsuite> <!-- testClassOrange.TC03_AssignLeave -->
